Arguments: 
  /usr/local/bin/node /usr/local/bin/yarn

PATH: 
  /usr/local/sbin:/usr/local/bin:/usr/sbin:/usr/bin:/sbin:/bin

Yarn version: 
  0.16.1

Node version: 
  6.6.0

Platform: 
  linux x64

npm manifest: 
  {
    "name": "fire-app1",
    "version": "0.0.0",
    "license": "MIT",
    "angular-cli": {},
    "scripts": {
      "start": "ng serve",
      "lint": "tslint \"src/**/*.ts\"",
      "test": "ng test",
      "pree2e": "webdriver-manager update",
      "e2e": "protractor"
    },
    "private": true,
    "dependencies": {
      "@angular/common": "~2.1.0",
      "@angular/compiler": "~2.1.0",
      "@angular/core": "~2.1.0",
      "@angular/forms": "~2.1.0",
      "@angular/http": "~2.1.0",
      "@angular/platform-browser": "~2.1.0",
      "@angular/platform-browser-dynamic": "~2.1.0",
      "@angular/router": "~3.1.0",
      "core-js": "^2.4.1",
      "rxjs": "5.0.0-beta.12",
      "ts-helpers": "^1.1.1",
      "zone.js": "^0.6.23"
    },
    "devDependencies": {
      "@types/jasmine": "^2.2.30",
      "@types/node": "^6.0.42",
      "angular-cli": "1.0.0-beta.18",
      "codelyzer": "1.0.0-beta.1",
      "jasmine-core": "2.4.1",
      "jasmine-spec-reporter": "2.5.0",
      "karma": "1.2.0",
      "karma-chrome-launcher": "^2.0.0",
      "karma-cli": "^1.0.1",
      "karma-jasmine": "^1.0.2",
      "karma-remap-istanbul": "^0.2.1",
      "protractor": "4.0.9",
      "ts-node": "1.2.1",
      "tslint": "3.13.0",
      "typescript": "~2.0.3"
    }
  }

yarn manifest: 
  No manifest

bower manifest: 
  No manifest

Lockfile: 
  No lockfile

Trace: 
  Error: ENOENT: no such file or directory, chmod '/home/app/fire-app1/node_modules/@angular-cli/ast-tools/node_modules/.bin/tsc'
      at Error (native)
